<?xml version="1.0" encoding="UTF-8"?>
<!-- Generated by org.testng.reporters.JUnitXMLReporter -->
<testsuite ignored="2" hostname="LAPTOP-E9CDLBS7" failures="0" tests="2" name="com.lazada.testcases." time="2.685" errors="0" timestamp="2021-07-31T12:32:41 SGT">
  <testcase classname="com.lazada.testcases.loginTest_001" name="loginAsUser" time="2.511"/>
  <testcase classname="com.lazada.testcases.SignInTest_002" name="SignIn" time="0.147"/>
  <testcase classname="com.lazada.base.TestBase" name="@BeforeSuite setUp" time="0.0">
    <ignored/>
  </testcase> <!-- @BeforeSuite setUp -->
  <testcase classname="com.lazada.base.TestBase" name="@AfterSuite tearDown" time="0.0">
    <ignored/>
  </testcase> <!-- @AfterSuite tearDown -->
</testsuite> <!-- com.lazada.testcases. -->
