<?xml version="1.0" encoding="UTF-8"?>
<testng-results ignored="2" total="4" passed="2" failed="0" skipped="0">
  <reporter-output>
  </reporter-output>
  <suite started-at="2021-07-31T12:32:38 SGT" name="lazada Data-driven project" finished-at="2021-07-31T12:32:41 SGT" duration-ms="2685">
    <groups>
    </groups>
    <test started-at="2021-07-31T12:32:38 SGT" name="com.lazada.testcases." finished-at="2021-07-31T12:32:41 SGT" duration-ms="2685">
      <class name="com.lazada.testcases.SignInTest_002">
        <test-method signature="SignIn(java.lang.String,java.lang.String)[pri:0, instance:com.lazada.testcases.SignInTest_002@5f4d427e]" started-at="2021-07-31T12:32:41 SGT" name="SignIn" data-provider="getData" finished-at="2021-07-31T12:32:41 SGT" duration-ms="147" status="PASS">
          <params>
            <param index="0">
              <value>
                <![CDATA[testinglazada101@gmail.com]]>
              </value>
            </param>
            <param index="1">
              <value>
                <![CDATA[Testing@13]]>
              </value>
            </param>
          </params>
          <reporter-output>
          </reporter-output>
        </test-method> <!-- SignIn -->
      </class> <!-- com.lazada.testcases.SignInTest_002 -->
      <class name="com.lazada.testcases.loginTest_001">
        <test-method is-config="true" signature="setUp()[pri:0, instance:com.lazada.testcases.loginTest_001@1568159]" started-at="2021-07-31T12:32:36 SGT" name="setUp" finished-at="2021-07-31T12:32:38 SGT" duration-ms="2316" status="PASS">
          <reporter-output>
          </reporter-output>
        </test-method> <!-- setUp -->
        <test-method signature="loginAsUser()[pri:0, instance:com.lazada.testcases.loginTest_001@1568159]" started-at="2021-07-31T12:32:38 SGT" name="loginAsUser" finished-at="2021-07-31T12:32:41 SGT" duration-ms="2511" status="PASS">
          <reporter-output>
          </reporter-output>
        </test-method> <!-- loginAsUser -->
        <test-method is-config="true" signature="tearDown()[pri:0, instance:com.lazada.testcases.loginTest_001@1568159]" started-at="2021-07-31T12:32:41 SGT" name="tearDown" finished-at="2021-07-31T12:32:41 SGT" duration-ms="1" status="PASS">
          <reporter-output>
          </reporter-output>
        </test-method> <!-- tearDown -->
      </class> <!-- com.lazada.testcases.loginTest_001 -->
    </test> <!-- com.lazada.testcases. -->
  </suite> <!-- lazada Data-driven project -->
</testng-results>
